#
# There is insufficient memory for the Java Runtime Environment to continue.
# Native memory allocation (mmap) failed to map 4063232 bytes for G1 virtual space
# Possible reasons:
#   The system is out of physical RAM or swap space
#   The process is running with CompressedOops enabled, and the Java Heap may be blocking the growth of the native heap
# Possible solutions:
#   Reduce memory load on the system
#   Increase physical memory or swap space
#   Check if swap backing store is full
#   Decrease Java heap size (-Xmx/-Xms)
#   Decrease number of Java threads
#   Decrease Java thread stack sizes (-Xss)
#   Set larger code cache with -XX:ReservedCodeCacheSize=
#   JVM is running with Zero Based Compressed Oops mode in which the Java heap is
#     placed in the first 32GB address space. The Java Heap base address is the
#     maximum limit for the native heap growth. Please use -XX:HeapBaseMinAddress
#     to set the Java Heap base and to place the Java Heap above 32GB virtual address.
# This output file may be truncated or incomplete.
#
#  Out of Memory Error (os_windows.cpp:3535), pid=79976, tid=91988
#
# JRE version:  (17.0.4.1+1) (build )
# Java VM: Java HotSpot(TM) 64-Bit Server VM (17.0.4.1+1-LTS-2, mixed mode, sharing, tiered, compressed oops, compressed class ptrs, g1 gc, windows-amd64)
# No core dump will be written. Minidumps are not enabled by default on client versions of Windows
#

---------------  S U M M A R Y ------------

Command Line: -ea -Didea.test.cyclic.buffer.size=1048576 -javaagent:C:\Program Files\JetBrains\IntelliJ IDEA 2023.2.5\lib\idea_rt.jar=49923:C:\Program Files\JetBrains\IntelliJ IDEA 2023.2.5\bin -Dfile.encoding=UTF-8 com.intellij.rt.junit.JUnitStarter -ideVersion5 -junit5 com.example.demo1.service.CardServiceTest,transferMoney

Host: AMD Ryzen 7 4700U with Radeon Graphics         , 8 cores, 15G,  Windows 10 , 64 bit Build 19041 (10.0.19041.5794)
Time: Tue May 20 22:20:01 2025  Windows 10 , 64 bit Build 19041 (10.0.19041.5794) elapsed time: 0.021449 seconds (0d 0h 0m 0s)

---------------  T H R E A D  ---------------

Current thread (0x000001de7ace7c70):  JavaThread "Unknown thread" [_thread_in_vm, id=91988, stack(0x000000a3a7b00000,0x000000a3a7c00000)]

Stack: [0x000000a3a7b00000,0x000000a3a7c00000]
Native frames: (J=compiled Java code, j=interpreted, Vv=VM code, C=native code)
V  [jvm.dll+0x6723ba]
V  [jvm.dll+0x7d1e34]
V  [jvm.dll+0x7d35de]
V  [jvm.dll+0x7d3c43]
V  [jvm.dll+0x243065]
V  [jvm.dll+0x66f2d9]
V  [jvm.dll+0x663c22]
V  [jvm.dll+0x3011cb]
V  [jvm.dll+0x308766]
V  [jvm.dll+0x358498]
V  [jvm.dll+0x35869f]
V  [jvm.dll+0x2d83e8]
V  [jvm.dll+0x2d9354]
V  [jvm.dll+0x7a3911]
V  [jvm.dll+0x3662c1]
V  [jvm.dll+0x782d7c]
V  [jvm.dll+0x3e8c1f]
V  [jvm.dll+0x3ea6c1]
C  [jli.dll+0x527b]
C  [ucrtbase.dll+0x21bb2]
C  [KERNEL32.DLL+0x17374]
C  [ntdll.dll+0x4cc91]


---------------  P R O C E S S  ---------------

Threads class SMR info:
_java_thread_list=0x00007ffad759a858, length=0, elements={
}

Java Threads: ( => current thread )

Other Threads:
  0x000001de7ad4bdb0 GCTaskThread "GC Thread#0" [stack: 0x000000a3a7c00000,0x000000a3a7d00000] [id=92648]
  0x000001de7ad5d9e0 ConcurrentGCThread "G1 Main Marker" [stack: 0x000000a3a7d00000,0x000000a3a7e00000] [id=8516]
  0x000001de7ad5e200 ConcurrentGCThread "G1 Conc#0" [stack: 0x000000a3a7e00000,0x000000a3a7f00000] [id=85740]

[error occurred during error reporting (printing all threads), id 0xc0000005, EXCEPTION_ACCESS_VIOLATION (0xc0000005) at pc=0x00007ffad6de8dd7]

VM state: not at safepoint (not fully initialized)

VM Mutex/Monitor currently owned by a thread:  ([mutex/lock_event])
[0x000001de7ace3ac0] Heap_lock - owner thread: 0x000001de7ace7c70

Heap address: 0x0000000709400000, size: 3948 MB, Compressed Oops mode: Zero based, Oop shift amount: 3

CDS archive(s) mapped at: [0x0000000000000000-0x0000000000000000-0x0000000000000000), size 0, SharedBaseAddress: 0x0000000800000000, ArchiveRelocationMode: 0.
Narrow klass base: 0x0000000000000000, Narrow klass shift: 0, Narrow klass range: 0x0

GC Precious Log:
<Empty>

Heap:
 garbage-first heap   total 0K, used 0K [0x0000000709400000, 0x0000000800000000)
  region size 2048K, 0 young (0K), 0 survivors (0K)

[error occurred during error reporting (printing heap information), id 0xc0000005, EXCEPTION_ACCESS_VIOLATION (0xc0000005) at pc=0x00007ffad71cb869]

GC Heap History (0 events):
No events

Deoptimization events (0 events):
No events

Classes unloaded (0 events):
No events

Classes redefined (0 events):
No events

Internal exceptions (0 events):
No events

VM Operations (0 events):
No events

Events (1 events):
Event: 0.010 Loaded shared library C:\Program Files\Java\jdk-17.0.4.1\bin\java.dll


Dynamic libraries:
0x00007ff66d510000 - 0x00007ff66d520000 	C:\Program Files\Java\jdk-17.0.4.1\bin\java.exe
0x00007ffb67c10000 - 0x00007ffb67e08000 	C:\Windows\SYSTEM32\ntdll.dll
0x00007ffb65df0000 - 0x00007ffb65eb2000 	C:\Windows\System32\KERNEL32.DLL
0x00007ffb65760000 - 0x00007ffb65a56000 	C:\Windows\System32\KERNELBASE.dll
0x00007ffb65300000 - 0x00007ffb65400000 	C:\Windows\System32\ucrtbase.dll
0x00007ffb53290000 - 0x00007ffb532a8000 	C:\Program Files\Java\jdk-17.0.4.1\bin\jli.dll
0x00007ffb48a10000 - 0x00007ffb48a2a000 	C:\Program Files\Java\jdk-17.0.4.1\bin\VCRUNTIME140.dll
0x00007ffb65c40000 - 0x00007ffb65cef000 	C:\Windows\System32\ADVAPI32.dll
0x00007ffb67b30000 - 0x00007ffb67bce000 	C:\Windows\System32\msvcrt.dll
0x00007ffb65d50000 - 0x00007ffb65def000 	C:\Windows\System32\sechost.dll
0x00007ffb66c30000 - 0x00007ffb66d53000 	C:\Windows\System32\RPCRT4.dll
0x00007ffb65c10000 - 0x00007ffb65c37000 	C:\Windows\System32\bcrypt.dll
0x00007ffb65ec0000 - 0x00007ffb6605d000 	C:\Windows\System32\USER32.dll
0x00007ffb655d0000 - 0x00007ffb655f2000 	C:\Windows\System32\win32u.dll
0x00007ffb51b20000 - 0x00007ffb51dba000 	C:\Windows\WinSxS\amd64_microsoft.windows.common-controls_6595b64144ccf1df_6.0.19041.5794_none_60bcd33171f2783c\COMCTL32.dll
0x00007ffb66940000 - 0x00007ffb6696b000 	C:\Windows\System32\GDI32.dll
0x00007ffb65400000 - 0x00007ffb6551a000 	C:\Windows\System32\gdi32full.dll
0x00007ffb65b70000 - 0x00007ffb65c0d000 	C:\Windows\System32\msvcp_win.dll
0x00007ffb5b100000 - 0x00007ffb5b10a000 	C:\Windows\SYSTEM32\VERSION.dll
0x00007ffb66180000 - 0x00007ffb661af000 	C:\Windows\System32\IMM32.DLL
0x00007ffb5ef90000 - 0x00007ffb5ef9c000 	C:\Program Files\Java\jdk-17.0.4.1\bin\vcruntime140_1.dll
0x00007ffb08a20000 - 0x00007ffb08aad000 	C:\Program Files\Java\jdk-17.0.4.1\bin\msvcp140.dll
0x00007ffad6b00000 - 0x00007ffad76c2000 	C:\Program Files\Java\jdk-17.0.4.1\bin\server\jvm.dll
0x00007ffb66930000 - 0x00007ffb66938000 	C:\Windows\System32\PSAPI.DLL
0x00007ffb546b0000 - 0x00007ffb546b9000 	C:\Windows\SYSTEM32\WSOCK32.dll
0x00007ffb58f80000 - 0x00007ffb58fa7000 	C:\Windows\SYSTEM32\WINMM.dll
0x00007ffb66110000 - 0x00007ffb6617b000 	C:\Windows\System32\WS2_32.dll
0x00007ffb630d0000 - 0x00007ffb630e2000 	C:\Windows\SYSTEM32\kernel.appcore.dll
0x00007ffb5dd70000 - 0x00007ffb5dd7a000 	C:\Program Files\Java\jdk-17.0.4.1\bin\jimage.dll
0x00007ffb5cdf0000 - 0x00007ffb5cff1000 	C:\Windows\SYSTEM32\DBGHELP.DLL
0x00007ffb599b0000 - 0x00007ffb599e4000 	C:\Windows\SYSTEM32\dbgcore.DLL
0x00007ffb65ae0000 - 0x00007ffb65b62000 	C:\Windows\System32\bcryptPrimitives.dll
0x00007ffb618c0000 - 0x00007ffb618ce000 	C:\Program Files\Java\jdk-17.0.4.1\bin\instrument.dll
0x00007ffb489e0000 - 0x00007ffb48a05000 	C:\Program Files\Java\jdk-17.0.4.1\bin\java.dll

dbghelp: loaded successfully - version: 4.0.5 - missing functions: none
symbol engine: initialized successfully - sym options: 0x614 - pdb path: .;C:\Program Files\Java\jdk-17.0.4.1\bin;C:\Windows\SYSTEM32;C:\Windows\WinSxS\amd64_microsoft.windows.common-controls_6595b64144ccf1df_6.0.19041.5794_none_60bcd33171f2783c;C:\Program Files\Java\jdk-17.0.4.1\bin\server

VM Arguments:
jvm_args: -ea -Didea.test.cyclic.buffer.size=1048576 -javaagent:C:\Program Files\JetBrains\IntelliJ IDEA 2023.2.5\lib\idea_rt.jar=49923:C:\Program Files\JetBrains\IntelliJ IDEA 2023.2.5\bin -Dfile.encoding=UTF-8 
java_command: com.intellij.rt.junit.JUnitStarter -ideVersion5 -junit5 com.example.demo1.service.CardServiceTest,transferMoney
java_class_path (initial): C:\Users\Beck\.m2\repository\org\junit\platform\junit-platform-launcher\1.10.5\junit-platform-launcher-1.10.5.jar;C:\Program Files\JetBrains\IntelliJ IDEA 2023.2.5\lib\idea_rt.jar;C:\Program Files\JetBrains\IntelliJ IDEA 2023.2.5\plugins\junit\lib\junit5-rt.jar;C:\Program Files\JetBrains\IntelliJ IDEA 2023.2.5\plugins\junit\lib\junit-rt.jar;C:\Users\Beck\Desktop\effective-mobile\demo1\target\test-classes;C:\Users\Beck\Desktop\effective-mobile\demo1\target\classes;C:\Users\Beck\.m2\repository\org\springframework\boot\spring-boot-starter-data-jpa\3.3.11\spring-boot-starter-data-jpa-3.3.11.jar;C:\Users\Beck\.m2\repository\org\springframework\boot\spring-boot-starter-aop\3.3.11\spring-boot-starter-aop-3.3.11.jar;C:\Users\Beck\.m2\repository\org\aspectj\aspectjweaver\1.9.24\aspectjweaver-1.9.24.jar;C:\Users\Beck\.m2\repository\org\springframework\boot\spring-boot-starter-jdbc\3.3.11\spring-boot-starter-jdbc-3.3.11.jar;C:\Users\Beck\.m2\repository\com\zaxxer\HikariCP\5.1.0\HikariCP-5.1.0.jar;C:\Users\Beck\.m2\repository\org\springframework\spring-jdbc\6.1.19\spring-jdbc-6.1.19.jar;C:\Users\Beck\.m2\repository\org\hibernate\orm\hibernate-core\6.5.3.Final\hibernate-core-6.5.3.Final.jar;C:\Users\Beck\.m2\repository\jakarta\persistence\jakarta.persistence-api\3.1.0\jakarta.persistence-api-3.1.0.jar;C:\Users\Beck\.m2\repository\jakarta\transaction\jakarta.transaction-api\2.0.1\jakarta.transaction-api-2.0.1.jar;C:\Users\Beck\.m2\repository\org\jboss\logging\jboss-logging\3.5.3.Final\jboss-logging-3.5.3.Final.jar;C:\Users\Beck\.m2\repository\org\hibernate\common\hibernate-commons-annotations\6.0.6.Final\hibernate-commons-annotations-6.0.6.Final.jar;C:\Users\Beck\.m2\repository\io\smallrye\jandex\3.1.2\jandex-3.1.2.jar;C:\Users\Beck\.m2\repository\com\fasterxml\classmate\1.7.0\classmate-1.7.0.jar;C:\Users\Beck\.m2\repository\net\bytebuddy\byte-buddy\1.14.19\byte-buddy-1.14.19.jar;C:\Users\Beck\.m2\repository\org\glassfish\jaxb\jaxb-runtime\4.0.5\jaxb-
Launcher Type: SUN_STANDARD

[Global flags]
     intx CICompilerCount                          = 4                                         {product} {ergonomic}
     uint ConcGCThreads                            = 2                                         {product} {ergonomic}
     uint G1ConcRefinementThreads                  = 8                                         {product} {ergonomic}
   size_t G1HeapRegionSize                         = 2097152                                   {product} {ergonomic}
    uintx GCDrainStackTargetSize                   = 64                                        {product} {ergonomic}
   size_t InitialHeapSize                          = 260046848                                 {product} {ergonomic}
   size_t MarkStackSize                            = 4194304                                   {product} {ergonomic}
   size_t MaxHeapSize                              = 4139778048                                {product} {ergonomic}
   size_t MinHeapDeltaBytes                        = 2097152                                   {product} {ergonomic}
   size_t MinHeapSize                              = 8388608                                   {product} {ergonomic}
    uintx NonNMethodCodeHeapSize                   = 5839372                                {pd product} {ergonomic}
    uintx NonProfiledCodeHeapSize                  = 122909434                              {pd product} {ergonomic}
    uintx ProfiledCodeHeapSize                     = 122909434                              {pd product} {ergonomic}
    uintx ReservedCodeCacheSize                    = 251658240                              {pd product} {ergonomic}
     bool SegmentedCodeCache                       = true                                      {product} {ergonomic}
   size_t SoftMaxHeapSize                          = 4139778048                             {manageable} {ergonomic}
     bool UseCompressedClassPointers               = true                           {product lp64_product} {ergonomic}
     bool UseCompressedOops                        = true                           {product lp64_product} {ergonomic}
     bool UseG1GC                                  = true                                      {product} {ergonomic}
     bool UseLargePagesIndividualAllocation        = false                                  {pd product} {ergonomic}

Logging:
Log output configuration:
 #0: stdout all=warning uptime,level,tags
 #1: stderr all=off uptime,level,tags

Environment Variables:
PATH=C:\Program Files\Common Files\Oracle\Java\javapath;C:\Windows\system32;C:\Windows;C:\Windows\System32\Wbem;C:\Windows\System32\WindowsPowerShell\v1.0\;C:\Windows\System32\OpenSSH\;C:\Program Files\Microsoft VS Code\bin;C:\Program Files\PostgreSQL\17\bin;C:\Program Files\PostgreSQL\13\bin\;C:\Program Files\dotnet\;C:\Program Files\Java\jdk-21\bin;C:\Program Files\Java\jdk-17.0.4.1\bin;C:\Users\Beck\.jdks\openjdk-17.0.2\bin;C:\Users\Beck\Desktop\ProgramFiles\gradle-7.6\bin;C:\Users\Beck\Desktop\ProgramFiles\mongosh-1.6.2-win32-x64\bin;C:\Program Files\MongoDB\Server\6.0\bin;C:\Users\Beck\Dropbox\ÃÓÈ œ  (LAPTOP-GUIH90ND)\Desktop\ProgramFiles\apache-maven-3.8.7\bin;C:\Program Files\Docker\Docker\resources\bin;C:\Program Files\Git\cmd;C:\Program Files\MySQL\MySQL Server 8.0\bin;C:\Program Files (x86)\Groovy\bin;C:\Program Files\JetBrains\IntelliJ IDEA Community Edition 2024.2.3\bin;C:\Users\Beck\Desktop\ProgramFiles\apache-maven-3.9.9\bin;C:\kafkaServer\bin;C:\confluentServer\bin;C:\Program Files\MySQL\MySQL Shell 8.0\bin\;C:\Users\Beck\AppData\Local\Microsoft\WindowsApps;C:\Users\Beck\.dotnet\tools;C:\Users\Beck\AppData\Local\JetBrains\Toolbox\scripts;C:\Program Files\JetBrains\IntelliJ IDEA 2023.2.5\bin;;C:\Program Files\JetBrains\IntelliJ IDEA Community Edition 2024.2.3\bin;;C:\Users\Beck\Desktop\ProgramFiles\gradle-7.6\bin;C:\Program Files\MySQL\MySQL Server 8.0\bin;C:\Program Files\Java\jdk-21\bin;C:\Program Files\JetBrains\IntelliJ IDEA Community Edition 2024.2.3\bin;C:\Program Files\PostgreSQL\17\bin;C:\kafkaServer\bin;C:\confluentServer\bin;
USERNAME=Beck
OS=Windows_NT
PROCESSOR_IDENTIFIER=AMD64 Family 23 Model 96 Stepping 1, AuthenticAMD



---------------  S Y S T E M  ---------------

OS:
 Windows 10 , 64 bit Build 19041 (10.0.19041.5794)
OS uptime: 4 days 3:11 hours
Hyper-V role detected

CPU: total 8 (initial active 8) (8 cores per cpu, 1 threads per core) family 23 model 96 stepping 1 microcode 0x0, cx8, cmov, fxsr, mmx, 3dnowpref, sse, sse2, sse3, ssse3, sse4a, sse4.1, sse4.2, popcnt, lzcnt, tsc, tscinvbit, avx, avx2, aes, clmul, bmi1, bmi2, adx, sha, fma, vzeroupper, clflush, clflushopt, hv

Memory: 4k page, system-wide physical 15791M (492M free)
TotalPageFile size 64943M (AvailPageFile size 6M)
current process WorkingSet (physical memory assigned to process): 10M, peak: 10M
current process commit charge ("private bytes"): 312M, peak: 316M

vm_info: Java HotSpot(TM) 64-Bit Server VM (17.0.4.1+1-LTS-2) for windows-amd64 JRE (17.0.4.1+1-LTS-2), built on Aug 16 2022 18:32:06 by "mach5one" with MS VC++ 16.8 / 16.9 (VS2019)

END.
